# JRE version: OpenJDK Runtime Environment (11.0.12+7) (build 11.0.12+7-b1504.28-7817840)
# Java VM: OpenJDK 64-Bit Server VM (11.0.12+7-b1504.28-7817840, mixed mode, tiered, compressed oops, g1 gc, windows-amd64)
Heap:
 garbage-first heap   total 260096K, used 158822K [0x0000000080000000, 0x0000000100000000)
  region size 1024K, 133 young (136192K), 13 survivors (13312K)
 Metaspace       used 49859K, capacity 51330K, committed 51404K, reserved 1095680K
  class space    used 6384K, capacity 6878K, committed 6912K, reserved 1048576K
GC Heap History (10 events):
Event: 0.942 GC heap before
{Heap before GC invocations=0 (full 0):
 garbage-first heap   total 260096K, used 29696K [0x0000000080000000, 0x0000000100000000)
  region size 1024K, 24 young (24576K), 0 survivors (0K)
 Metaspace       used 9838K, capacity 10050K, committed 10112K, reserved 1058816K
  class space    used 1027K, capacity 1102K, committed 1152K, reserved 1048576K
}
Event: 0.947 GC heap after
{Heap after GC invocations=1 (full 0):
 garbage-first heap   total 260096K, used 9294K [0x0000000080000000, 0x0000000100000000)
  region size 1024K, 3 young (3072K), 3 survivors (3072K)
 Metaspace       used 9838K, capacity 10050K, committed 10112K, reserved 1058816K
  class space    used 1027K, capacity 1102K, committed 1152K, reserved 1048576K
}
Event: 2.833 GC heap before
{Heap before GC invocations=1 (full 0):
 garbage-first heap   total 260096K, used 112718K [0x0000000080000000, 0x0000000100000000)
  region size 1024K, 105 young (107520K), 3 survivors (3072K)
 Metaspace       used 20761K, capacity 21136K, committed 21248K, reserved 1067008K
  class space    used 2549K, capacity 2712K, committed 2816K, reserved 1048576K
}
Event: 2.842 GC heap after
{Heap after GC invocations=2 (full 0):
 garbage-first heap   total 260096K, used 16900K [0x0000000080000000, 0x0000000100000000)
  region size 1024K, 11 young (11264K), 11 survivors (11264K)
 Metaspace       used 20761K, capacity 21136K, committed 21248K, reserved 1067008K
  class space    used 2549K, capacity 2712K, committed 2816K, reserved 1048576K
}
Event: 3.464 GC heap before
{Heap before GC invocations=3 (full 0):
 garbage-first heap   total 260096K, used 85508K [0x0000000080000000, 0x0000000100000000)
  region size 1024K, 78 young (79872K), 11 survivors (11264K)
 Metaspace       used 27596K, capacity 28239K, committed 28544K, reserved 1073152K
  class space    used 3627K, capacity 3858K, committed 3968K, reserved 1048576K
}
Event: 3.472 GC heap after
{Heap after GC invocations=4 (full 0):
 garbage-first heap   total 260096K, used 19741K [0x0000000080000000, 0x0000000100000000)
  region size 1024K, 3 young (3072K), 3 survivors (3072K)
 Metaspace       used 27596K, capacity 28239K, committed 28544K, reserved 1073152K
  class space    used 3627K, capacity 3858K, committed 3968K, reserved 1048576K
}
Event: 4.064 GC heap before
{Heap before GC invocations=4 (full 0):
 garbage-first heap   total 260096K, used 64797K [0x0000000080000000, 0x0000000100000000)
  region size 1024K, 48 young (49152K), 3 survivors (3072K)
 Metaspace       used 34947K, capacity 35787K, committed 35840K, reserved 1081344K
  class space    used 4529K, capacity 4841K, committed 4864K, reserved 1048576K
}
Event: 4.072 GC heap after
{Heap after GC invocations=5 (full 0):
 garbage-first heap   total 260096K, used 22197K [0x0000000080000000, 0x0000000100000000)
  region size 1024K, 6 young (6144K), 6 survivors (6144K)
 Metaspace       used 34947K, capacity 35787K, committed 35840K, reserved 1081344K
  class space    used 4529K, capacity 4841K, committed 4864K, reserved 1048576K
}
Event: 5.419 GC heap before
{Heap before GC invocations=6 (full 0):
 garbage-first heap   total 260096K, used 136885K [0x0000000080000000, 0x0000000100000000)
  region size 1024K, 115 young (117760K), 6 survivors (6144K)
 Metaspace       used 44260K, capacity 45335K, committed 45516K, reserved 1089536K
  class space    used 5671K, capacity 6051K, committed 6144K, reserved 1048576K
}
Event: 5.436 GC heap after
{Heap after GC invocations=7 (full 0):
 garbage-first heap   total 260096K, used 29798K [0x0000000080000000, 0x0000000100000000)
  region size 1024K, 13 young (13312K), 13 survivors (13312K)
 Metaspace       used 44260K, capacity 45335K, committed 45516K, reserved 1089536K
  class space    used 5671K, capacity 6051K, committed 6144K, reserved 1048576K
}

